Flow report for onchip_instrCacheDisabled_dataCacheDisabled
Mon Apr 03 11:35:15 2023
Quartus Prime Version 18.1.0 Build 625 09/12/2018 SJ Lite Edition


---------------------
; Table of Contents ;
---------------------
  1. Legal Notice
  2. Flow Summary
  3. Flow Settings
  4. Flow Non-Default Global Settings
  5. Flow Elapsed Time
  6. Flow OS Summary
  7. Flow Log
  8. Flow Messages
  9. Flow Suppressed Messages



----------------
; Legal Notice ;
----------------
Copyright (C) 2018  Intel Corporation. All rights reserved.
Your use of Intel Corporation's design tools, logic functions 
and other software and tools, and its AMPP partner logic 
functions, and any output files from any of the foregoing 
(including device programming or simulation files), and any 
associated documentation or information are expressly subject 
to the terms and conditions of the Intel Program License 
Subscription Agreement, the Intel Quartus Prime License Agreement,
the Intel FPGA IP License Agreement, or other applicable license
agreement, including, without limitation, that your use is for
the sole purpose of programming logic devices manufactured by
Intel and sold by Intel or its authorized distributors.  Please
refer to the applicable agreement for further details.



+-------------------------------------------------------------------------------+
; Flow Summary                                                                  ;
+---------------------------------+---------------------------------------------+
; Flow Status                     ; Successful - Mon Apr 03 11:34:52 2023       ;
; Quartus Prime Version           ; 18.1.0 Build 625 09/12/2018 SJ Lite Edition ;
; Revision Name                   ; onchip_instrCacheDisabled_dataCacheDisabled ;
; Top-level Entity Name           ; DE1_SoC_top_level                           ;
; Family                          ; Cyclone V                                   ;
; Device                          ; 5CSEMA5F31C6                                ;
; Timing Models                   ; Final                                       ;
; Logic utilization (in ALMs)     ; 2,088 / 32,070 ( 7 % )                      ;
; Total registers                 ; 3590                                        ;
; Total pins                      ; 90 / 457 ( 20 % )                           ;
; Total virtual pins              ; 0                                           ;
; Total block memory bits         ; 2,178,944 / 4,065,280 ( 54 % )              ;
; Total DSP Blocks                ; 3 / 87 ( 3 % )                              ;
; Total HSSI RX PCSs              ; 0                                           ;
; Total HSSI PMA RX Deserializers ; 0                                           ;
; Total HSSI TX PCSs              ; 0                                           ;
; Total HSSI PMA TX Serializers   ; 0                                           ;
; Total PLLs                      ; 1 / 6 ( 17 % )                              ;
; Total DLLs                      ; 0 / 4 ( 0 % )                               ;
+---------------------------------+---------------------------------------------+


+-----------------------------------------------------------------+
; Flow Settings                                                   ;
+-------------------+---------------------------------------------+
; Option            ; Setting                                     ;
+-------------------+---------------------------------------------+
; Start date & time ; 04/03/2023 11:30:08                         ;
; Main task         ; Compilation                                 ;
; Revision Name     ; onchip_instrCacheDisabled_dataCacheDisabled ;
+-------------------+---------------------------------------------+


+-------------------------------------------------------------------------------------------------------------------------------------------------------------+
; Flow Non-Default Global Settings                                                                                                                            ;
+-------------------------------------+----------------------------------------+---------------------------------------------+-------------------+------------+
; Assignment Name                     ; Value                                  ; Default Value                               ; Entity Name       ; Section Id ;
+-------------------------------------+----------------------------------------+---------------------------------------------+-------------------+------------+
; COMPILER_SIGNATURE_ID               ; 10995770589202.168051420708536         ; --                                          ; --                ; --         ;
; MAX_CORE_JUNCTION_TEMP              ; 85                                     ; --                                          ; --                ; --         ;
; MIN_CORE_JUNCTION_TEMP              ; 0                                      ; --                                          ; --                ; --         ;
; PARTITION_COLOR                     ; -- (Not supported for targeted family) ; --                                          ; DE1_SoC_top_level ; Top        ;
; PARTITION_FITTER_PRESERVATION_LEVEL ; -- (Not supported for targeted family) ; --                                          ; DE1_SoC_top_level ; Top        ;
; PARTITION_NETLIST_TYPE              ; -- (Not supported for targeted family) ; --                                          ; DE1_SoC_top_level ; Top        ;
; POWER_BOARD_THERMAL_MODEL           ; None (CONSERVATIVE)                    ; --                                          ; --                ; --         ;
; POWER_PRESET_COOLING_SOLUTION       ; 23 MM HEAT SINK WITH 200 LFPM AIRFLOW  ; --                                          ; --                ; --         ;
; PROJECT_OUTPUT_DIRECTORY            ; output_files                           ; --                                          ; --                ; --         ;
; TOP_LEVEL_ENTITY                    ; DE1_SoC_top_level                      ; onchip_instrCacheDisabled_dataCacheDisabled ; --                ; --         ;
+-------------------------------------+----------------------------------------+---------------------------------------------+-------------------+------------+


+--------------------------------------------------------------------------------------------------------------------------+
; Flow Elapsed Time                                                                                                        ;
+----------------------+--------------+-------------------------+---------------------+------------------------------------+
; Module Name          ; Elapsed Time ; Average Processors Used ; Peak Virtual Memory ; Total CPU Time (on all processors) ;
+----------------------+--------------+-------------------------+---------------------+------------------------------------+
; Analysis & Synthesis ; 00:02:00     ; 1.0                     ; 5089 MB             ; 00:02:48                           ;
; Fitter               ; 00:02:22     ; 1.2                     ; 7107 MB             ; 00:05:39                           ;
; Assembler            ; 00:00:13     ; 1.0                     ; 4921 MB             ; 00:00:13                           ;
; Timing Analyzer      ; 00:00:21     ; 2.0                     ; 5427 MB             ; 00:00:40                           ;
; Total                ; 00:04:56     ; --                      ; --                  ; 00:09:20                           ;
+----------------------+--------------+-------------------------+---------------------+------------------------------------+


+------------------------------------------------------------------------------------+
; Flow OS Summary                                                                    ;
+----------------------+------------------+------------+------------+----------------+
; Module Name          ; Machine Hostname ; OS Name    ; OS Version ; Processor type ;
+----------------------+------------------+------------+------------+----------------+
; Analysis & Synthesis ; HAL              ; Windows 10 ; 10.0       ; x86_64         ;
; Fitter               ; HAL              ; Windows 10 ; 10.0       ; x86_64         ;
; Assembler            ; HAL              ; Windows 10 ; 10.0       ; x86_64         ;
; Timing Analyzer      ; HAL              ; Windows 10 ; 10.0       ; x86_64         ;
+----------------------+------------------+------------+------------+----------------+


------------
; Flow Log ;
------------
quartus_map --read_settings_files=on --write_settings_files=off onchip_instrCacheDisabled_dataCacheDisabled -c onchip_instrCacheDisabled_dataCacheDisabled
quartus_fit --read_settings_files=off --write_settings_files=off onchip_instrCacheDisabled_dataCacheDisabled -c onchip_instrCacheDisabled_dataCacheDisabled
quartus_asm --read_settings_files=off --write_settings_files=off onchip_instrCacheDisabled_dataCacheDisabled -c onchip_instrCacheDisabled_dataCacheDisabled
quartus_sta onchip_instrCacheDisabled_dataCacheDisabled -c onchip_instrCacheDisabled_dataCacheDisabled



