Flow report for lab3_MultiProcessors
Fri Apr 28 17:37:25 2023
Quartus Prime Version 18.1.0 Build 625 09/12/2018 SJ Lite Edition


---------------------
; Table of Contents ;
---------------------
  1. Legal Notice
  2. Flow Summary
  3. Flow Settings
  4. Flow Non-Default Global Settings
  5. Flow Elapsed Time
  6. Flow OS Summary
  7. Flow Log
  8. Flow Messages
  9. Flow Suppressed Messages



----------------
; Legal Notice ;
----------------
Copyright (C) 2018  Intel Corporation. All rights reserved.
Your use of Intel Corporation's design tools, logic functions 
and other software and tools, and its AMPP partner logic 
functions, and any output files from any of the foregoing 
(including device programming or simulation files), and any 
associated documentation or information are expressly subject 
to the terms and conditions of the Intel Program License 
Subscription Agreement, the Intel Quartus Prime License Agreement,
the Intel FPGA IP License Agreement, or other applicable license
agreement, including, without limitation, that your use is for
the sole purpose of programming logic devices manufactured by
Intel and sold by Intel or its authorized distributors.  Please
refer to the applicable agreement for further details.



+-------------------------------------------------------------------------------+
; Flow Summary                                                                  ;
+---------------------------------+---------------------------------------------+
; Flow Status                     ; Successful - Fri Apr 28 17:36:54 2023       ;
; Quartus Prime Version           ; 18.1.0 Build 625 09/12/2018 SJ Lite Edition ;
; Revision Name                   ; lab3_MultiProcessors                        ;
; Top-level Entity Name           ; DE1_SoC_top_level                           ;
; Family                          ; Cyclone V                                   ;
; Device                          ; 5CSEMA5F31C6                                ;
; Timing Models                   ; Final                                       ;
; Logic utilization (in ALMs)     ; 4,349 / 32,070 ( 14 % )                     ;
; Total registers                 ; 7223                                        ;
; Total pins                      ; 90 / 457 ( 20 % )                           ;
; Total virtual pins              ; 0                                           ;
; Total block memory bits         ; 393,216 / 4,065,280 ( 10 % )                ;
; Total DSP Blocks                ; 6 / 87 ( 7 % )                              ;
; Total HSSI RX PCSs              ; 0                                           ;
; Total HSSI PMA RX Deserializers ; 0                                           ;
; Total HSSI TX PCSs              ; 0                                           ;
; Total HSSI PMA TX Serializers   ; 0                                           ;
; Total PLLs                      ; 1 / 6 ( 17 % )                              ;
; Total DLLs                      ; 0 / 4 ( 0 % )                               ;
+---------------------------------+---------------------------------------------+


+------------------------------------------+
; Flow Settings                            ;
+-------------------+----------------------+
; Option            ; Setting              ;
+-------------------+----------------------+
; Start date & time ; 04/28/2023 17:30:26  ;
; Main task         ; Compilation          ;
; Revision Name     ; lab3_MultiProcessors ;
+-------------------+----------------------+


+--------------------------------------------------------------------------------------------------------------------------------------+
; Flow Non-Default Global Settings                                                                                                     ;
+-------------------------------------+----------------------------------------+----------------------+-------------------+------------+
; Assignment Name                     ; Value                                  ; Default Value        ; Entity Name       ; Section Id ;
+-------------------------------------+----------------------------------------+----------------------+-------------------+------------+
; COMPILER_SIGNATURE_ID               ; 10995770589202.168269582614580         ; --                   ; --                ; --         ;
; MAX_CORE_JUNCTION_TEMP              ; 85                                     ; --                   ; --                ; --         ;
; MIN_CORE_JUNCTION_TEMP              ; 0                                      ; --                   ; --                ; --         ;
; PARTITION_COLOR                     ; -- (Not supported for targeted family) ; --                   ; DE1_SoC_top_level ; Top        ;
; PARTITION_FITTER_PRESERVATION_LEVEL ; -- (Not supported for targeted family) ; --                   ; DE1_SoC_top_level ; Top        ;
; PARTITION_NETLIST_TYPE              ; -- (Not supported for targeted family) ; --                   ; DE1_SoC_top_level ; Top        ;
; POWER_BOARD_THERMAL_MODEL           ; None (CONSERVATIVE)                    ; --                   ; --                ; --         ;
; POWER_PRESET_COOLING_SOLUTION       ; 23 MM HEAT SINK WITH 200 LFPM AIRFLOW  ; --                   ; --                ; --         ;
; PROJECT_OUTPUT_DIRECTORY            ; output_files                           ; --                   ; --                ; --         ;
; TOP_LEVEL_ENTITY                    ; DE1_SoC_top_level                      ; lab3_MultiProcessors ; --                ; --         ;
+-------------------------------------+----------------------------------------+----------------------+-------------------+------------+


+--------------------------------------------------------------------------------------------------------------------------+
; Flow Elapsed Time                                                                                                        ;
+----------------------+--------------+-------------------------+---------------------+------------------------------------+
; Module Name          ; Elapsed Time ; Average Processors Used ; Peak Virtual Memory ; Total CPU Time (on all processors) ;
+----------------------+--------------+-------------------------+---------------------+------------------------------------+
; Analysis & Synthesis ; 00:03:02     ; 1.1                     ; 5210 MB             ; 00:04:04                           ;
; Fitter               ; 00:02:59     ; 1.3                     ; 7087 MB             ; 00:08:30                           ;
; Assembler            ; 00:00:14     ; 1.0                     ; 4944 MB             ; 00:00:14                           ;
; Timing Analyzer      ; 00:00:29     ; 2.4                     ; 5464 MB             ; 00:01:05                           ;
; Total                ; 00:06:44     ; --                      ; --                  ; 00:13:53                           ;
+----------------------+--------------+-------------------------+---------------------+------------------------------------+


+------------------------------------------------------------------------------------+
; Flow OS Summary                                                                    ;
+----------------------+------------------+------------+------------+----------------+
; Module Name          ; Machine Hostname ; OS Name    ; OS Version ; Processor type ;
+----------------------+------------------+------------+------------+----------------+
; Analysis & Synthesis ; HAL              ; Windows 10 ; 10.0       ; x86_64         ;
; Fitter               ; HAL              ; Windows 10 ; 10.0       ; x86_64         ;
; Assembler            ; HAL              ; Windows 10 ; 10.0       ; x86_64         ;
; Timing Analyzer      ; HAL              ; Windows 10 ; 10.0       ; x86_64         ;
+----------------------+------------------+------------+------------+----------------+


------------
; Flow Log ;
------------
quartus_map --read_settings_files=on --write_settings_files=off lab3_MultiProcessors -c lab3_MultiProcessors
quartus_fit --read_settings_files=off --write_settings_files=off lab3_MultiProcessors -c lab3_MultiProcessors
quartus_asm --read_settings_files=off --write_settings_files=off lab3_MultiProcessors -c lab3_MultiProcessors
quartus_sta lab3_MultiProcessors -c lab3_MultiProcessors



