20:02:44 **** Incremental Build of configuration Nios II for project cpu_1_proj ****
make all 
Info: Building C:/RTES/miniproject_2/sw/nios/cpu_1_proj_bsp/
C:/intelFPGA_lite/18.1/nios2eds/bin/gnu/H-x86_64-mingw32/bin/make --no-print-directory -C C:/RTES/miniproject_2/sw/nios/cpu_1_proj_bsp/
[BSP build complete]
Info: Compiling hello_world.c to obj/default/hello_world.o
nios2-elf-gcc -xc -MP -MMD -c -IC:/RTES/miniproject_2/sw/nios/cpu_1_proj_bsp//HAL/inc -IC:/RTES/miniproject_2/sw/nios/cpu_1_proj_bsp/ -IC:/RTES/miniproject_2/sw/nios/cpu_1_proj_bsp//drivers/inc  -pipe -D__hal__ -DALT_NO_INSTRUCTION_EMULATION -DALT_SINGLE_THREADED    -O0 -g -Wall   -mno-hw-div -mhw-mul -mno-hw-mulx -mgpopt=global  -o obj/default/hello_world.o hello_world.c
hello_world.c: In function 'send_callback':
hello_world.c:74:3: warning: implicit declaration of function 'alt_printf' [-Wimplicit-function-declaration]
   alt_printf("Sending completed, contents are %x and %x \n", mail_send[0], mail_send[1]);
   ^
hello_world.c: In function 'receive_mail':
hello_world.c:112:62: warning: passing argument 2 of 'altera_avalon_mailbox_retrieve_poll' discards 'volatile' qualifier from pointer target type [-Wdiscarded-qualifiers]
  altera_avalon_mailbox_retrieve_poll(mailbox_AudioToSigProc, mail_receive, 0);
                                                              ^
In file included from hello_world.c:16:0:
c:\rtes\miniproject_2\sw\nios\cpu_1_proj_bsp\drivers\inc\altera_avalon_mailbox_simple.h:78:5: note: expected 'alt_u32 * {aka long unsigned int *}' but argument is of type 'volatile alt_u32 * {aka volatile long unsigned int *}'
 int altera_avalon_mailbox_retrieve_poll (altera_avalon_mailbox_dev* dev,alt_u32* msg_ptr, alt_u32 timeout);
     ^
hello_world.c:113:2: warning: implicit declaration of function 'alt_dcache_flush_all' [-Wimplicit-function-declaration]
  alt_dcache_flush_all();
  ^
In file included from hello_world.c:10:0:
hello_world.c: In function 'choose_task':
C:/RTES/miniproject_2/sw/nios/cpu_1_proj_bsp/system.h:335:36: warning: passing argument 1 of 'perf_print_formatted_report' makes pointer from integer without a cast [-Wint-conversion]
 #define PERFORMANCE_COUNTER_1_BASE 0x4041000
                                    ^
hello_world.c:157:31: note: in expansion of macro 'PERFORMANCE_COUNTER_1_BASE'
   perf_print_formatted_report(PERFORMANCE_COUNTER_1_BASE, alt_get_cpu_freq(), 3, "Accelerator", "Custom instr.", "C code");
                               ^
In file included from hello_world.c:17:0:
c:\rtes\miniproject_2\sw\nios\cpu_1_proj_bsp\drivers\inc\altera_avalon_performance_counter.h:229:5: note: expected 'void *' but argument is of type 'int'
 int perf_print_formatted_report (void* perf_base, 
     ^
Info: Linking cpu_1_proj.elf
nios2-elf-g++  -T'C:/RTES/miniproject_2/sw/nios/cpu_1_proj_bsp//linker.x' -msys-crt0='C:/RTES/miniproject_2/sw/nios/cpu_1_proj_bsp//obj/HAL/src/crt0.o' -msys-lib=hal_bsp -LC:/RTES/miniproject_2/sw/nios/cpu_1_proj_bsp/   -Wl,-Map=cpu_1_proj.map   -O0 -g -Wall   -mno-hw-div -mhw-mul -mno-hw-mulx -mgpopt=global  -o cpu_1_proj.elf obj/default/hello_world.o -lm -msys-lib=m
nios2-elf-insert cpu_1_proj.elf --thread_model hal --cpu_name cpu_1 --qsys true --simulation_enabled false --stderr_dev jtag_uart_1 --stdin_dev jtag_uart_1 --stdout_dev jtag_uart_1 --sopc_system_name soc_system --quartus_project_dir "c:/RTES/miniproject_2/hw/quartus" --jdi C:/RTES/miniproject_2/hw/quartus//output_files/lab3_MultiProcessors.jdi --sopcinfo C:/RTES/miniproject_2/hw/quartus/soc_system.sopcinfo
Info: (cpu_1_proj.elf) 76 KBytes program size (code + initialized data).
Info:                  44 KBytes free for stack + heap.
Info: Creating cpu_1_proj.objdump
nios2-elf-objdump --disassemble --syms --all-header --source cpu_1_proj.elf >cpu_1_proj.objdump
[cpu_1_proj build complete]

20:02:50 Build Finished (took 5s.597ms)

