18:14:24 **** Incremental Build of configuration Nios II for project CustomInst_bsp ****
make all 
[BSP build complete]
18:15:01 **** Incremental Build of configuration Nios II for project CustomInst ****
make all 
Info: Building C:/RTES/lab2/sw/nios/CustomInst_bsp/
C:/intelFPGA_lite/18.1/nios2eds/bin/gnu/H-x86_64-mingw32/bin/make --no-print-directory -C C:/RTES/lab2/sw/nios/CustomInst_bsp/
[BSP build complete]
Info: Compiling hello_world.c to obj/default/hello_world.o
nios2-elf-gcc -xc -MP -MMD -c -IC:/RTES/lab2/sw/nios/CustomInst_bsp//HAL/inc -IC:/RTES/lab2/sw/nios/CustomInst_bsp/ -IC:/RTES/lab2/sw/nios/CustomInst_bsp//drivers/inc  -pipe -D__hal__ -DALT_NO_INSTRUCTION_EMULATION -DALT_SINGLE_THREADED    -O0 -g -Wall   -mno-hw-div -mhw-mul -mno-hw-mulx -mgpopt=global  -o obj/default/hello_world.o hello_world.c
In file included from c:\rtes\lab2\sw\nios\custominst_bsp\drivers\inc\altera_avalon_performance_counter.h:197:0,
                 from hello_world.c:4:
hello_world.c: In function 'use_accelerator':
c:\rtes\lab2\sw\nios\custominst_bsp\hal\inc\io.h:61:66: warning: passing argument 2 of '__builtin_stwio' makes integer from pointer without a cast [-Wint-conversion]
   __builtin_stwio (__IO_CALC_ADDRESS_DYNAMIC ((BASE), (OFFSET)), (DATA))
                                                                  ^
hello_world.c:81:2: note: in expansion of macro 'IOWR_32DIRECT'
  IOWR_32DIRECT(ACCELERATOR_0_BASE, ACC_InputStartAddr, in_addr);
  ^
c:\rtes\lab2\sw\nios\custominst_bsp\hal\inc\io.h:61:66: note: expected 'int' but argument is of type 'void *'
   __builtin_stwio (__IO_CALC_ADDRESS_DYNAMIC ((BASE), (OFFSET)), (DATA))
                                                                  ^
hello_world.c:81:2: note: in expansion of macro 'IOWR_32DIRECT'
  IOWR_32DIRECT(ACCELERATOR_0_BASE, ACC_InputStartAddr, in_addr);
  ^
c:\rtes\lab2\sw\nios\custominst_bsp\hal\inc\io.h:61:66: warning: passing argument 2 of '__builtin_stwio' makes integer from pointer without a cast [-Wint-conversion]
   __builtin_stwio (__IO_CALC_ADDRESS_DYNAMIC ((BASE), (OFFSET)), (DATA))
                                                                  ^
hello_world.c:82:2: note: in expansion of macro 'IOWR_32DIRECT'
  IOWR_32DIRECT(ACCELERATOR_0_BASE, ACC_OutputStartAddr, out_addr);
  ^
c:\rtes\lab2\sw\nios\custominst_bsp\hal\inc\io.h:61:66: note: expected 'int' but argument is of type 'void *'
   __builtin_stwio (__IO_CALC_ADDRESS_DYNAMIC ((BASE), (OFFSET)), (DATA))
                                                                  ^
hello_world.c:82:2: note: in expansion of macro 'IOWR_32DIRECT'
  IOWR_32DIRECT(ACCELERATOR_0_BASE, ACC_OutputStartAddr, out_addr);
  ^
hello_world.c: In function 'test_method_once':
hello_world.c:109:10: error: void value not ignored as it ought to be
   result = use_accelerator((void*)&input, (void*)&out_1000, 0x1);
          ^
In file included from hello_world.c:6:0:
hello_world.c: In function 'main':
C:/RTES/lab2/sw/nios/CustomInst_bsp/system.h:275:36: warning: passing argument 1 of 'perf_print_formatted_report' makes pointer from integer without a cast [-Wint-conversion]
 #define PERFORMANCE_COUNTER_0_BASE 0x41000
                                    ^
hello_world.c:155:30: note: in expansion of macro 'PERFORMANCE_COUNTER_0_BASE'
  perf_print_formatted_report(PERFORMANCE_COUNTER_0_BASE, alt_get_cpu_freq(), 3, "C software", "Custom instruction", "Accelerator");
                              ^
In file included from hello_world.c:4:0:
c:\rtes\lab2\sw\nios\custominst_bsp\drivers\inc\altera_avalon_performance_counter.h:229:5: note: expected 'void *' but argument is of type 'int'
 int perf_print_formatted_report (void* perf_base, 
     ^
make: *** [obj/default/hello_world.o] Error 1
18:15:42 **** Incremental Build of configuration Nios II for project CustomInst ****
make all 
Info: Building C:/RTES/lab2/sw/nios/CustomInst_bsp/
C:/intelFPGA_lite/18.1/nios2eds/bin/gnu/H-x86_64-mingw32/bin/make --no-print-directory -C C:/RTES/lab2/sw/nios/CustomInst_bsp/
[BSP build complete]
Info: Compiling hello_world.c to obj/default/hello_world.o
nios2-elf-gcc -xc -MP -MMD -c -IC:/RTES/lab2/sw/nios/CustomInst_bsp//HAL/inc -IC:/RTES/lab2/sw/nios/CustomInst_bsp/ -IC:/RTES/lab2/sw/nios/CustomInst_bsp//drivers/inc  -pipe -D__hal__ -DALT_NO_INSTRUCTION_EMULATION -DALT_SINGLE_THREADED    -O0 -g -Wall   -mno-hw-div -mhw-mul -mno-hw-mulx -mgpopt=global  -o obj/default/hello_world.o hello_world.c
In file included from c:\rtes\lab2\sw\nios\custominst_bsp\drivers\inc\altera_avalon_performance_counter.h:197:0,
                 from hello_world.c:4:
hello_world.c: In function 'use_accelerator':
c:\rtes\lab2\sw\nios\custominst_bsp\hal\inc\io.h:61:66: warning: passing argument 2 of '__builtin_stwio' makes integer from pointer without a cast [-Wint-conversion]
   __builtin_stwio (__IO_CALC_ADDRESS_DYNAMIC ((BASE), (OFFSET)), (DATA))
                                                                  ^
hello_world.c:81:2: note: in expansion of macro 'IOWR_32DIRECT'
  IOWR_32DIRECT(ACCELERATOR_0_BASE, ACC_InputStartAddr, in_addr);
  ^
c:\rtes\lab2\sw\nios\custominst_bsp\hal\inc\io.h:61:66: note: expected 'int' but argument is of type 'void *'
   __builtin_stwio (__IO_CALC_ADDRESS_DYNAMIC ((BASE), (OFFSET)), (DATA))
                                                                  ^
hello_world.c:81:2: note: in expansion of macro 'IOWR_32DIRECT'
  IOWR_32DIRECT(ACCELERATOR_0_BASE, ACC_InputStartAddr, in_addr);
  ^
c:\rtes\lab2\sw\nios\custominst_bsp\hal\inc\io.h:61:66: warning: passing argument 2 of '__builtin_stwio' makes integer from pointer without a cast [-Wint-conversion]
   __builtin_stwio (__IO_CALC_ADDRESS_DYNAMIC ((BASE), (OFFSET)), (DATA))
                                                                  ^
hello_world.c:82:2: note: in expansion of macro 'IOWR_32DIRECT'
  IOWR_32DIRECT(ACCELERATOR_0_BASE, ACC_OutputStartAddr, out_addr);
  ^
c:\rtes\lab2\sw\nios\custominst_bsp\hal\inc\io.h:61:66: note: expected 'int' but argument is of type 'void *'
   __builtin_stwio (__IO_CALC_ADDRESS_DYNAMIC ((BASE), (OFFSET)), (DATA))
                                                                  ^
hello_world.c:82:2: note: in expansion of macro 'IOWR_32DIRECT'
  IOWR_32DIRECT(ACCELERATOR_0_BASE, ACC_OutputStartAddr, out_addr);
  ^
hello_world.c: In function 'test_method_once':
hello_world.c:109:28: warning: passing argument 1 of 'use_accelerator' makes pointer from integer without a cast [-Wint-conversion]
   result = use_accelerator((uint32_t)&input, (uint32_t)&out_1000, 0x1);
                            ^
hello_world.c:68:6: note: expected 'void *' but argument is of type 'long unsigned int'
 void use_accelerator(void* in_addr, void* out_addr, uint32_t length)
      ^
hello_world.c:109:46: warning: passing argument 2 of 'use_accelerator' makes pointer from integer without a cast [-Wint-conversion]
   result = use_accelerator((uint32_t)&input, (uint32_t)&out_1000, 0x1);
                                              ^
hello_world.c:68:6: note: expected 'void *' but argument is of type 'long unsigned int'
 void use_accelerator(void* in_addr, void* out_addr, uint32_t length)
      ^
hello_world.c:109:10: error: void value not ignored as it ought to be
   result = use_accelerator((uint32_t)&input, (uint32_t)&out_1000, 0x1);
          ^
hello_world.c: In function 'main':
hello_world.c:133:23: warning: initialization makes pointer from integer without a cast [-Wint-conversion]
  void* in_addr_1000 = (uint32_t)&in_1000[0];
                       ^
hello_world.c:134:24: warning: initialization makes pointer from integer without a cast [-Wint-conversion]
  void* out_addr_1000 = (uint32_t)&out_1000[0];
                        ^
In file included from hello_world.c:6:0:
C:/RTES/lab2/sw/nios/CustomInst_bsp/system.h:275:36: warning: passing argument 1 of 'perf_print_formatted_report' makes pointer from integer without a cast [-Wint-conversion]
 #define PERFORMANCE_COUNTER_0_BASE 0x41000
                                    ^
hello_world.c:155:30: note: in expansion of macro 'PERFORMANCE_COUNTER_0_BASE'
  perf_print_formatted_report(PERFORMANCE_COUNTER_0_BASE, alt_get_cpu_freq(), 3, "C software", "Custom instruction", "Accelerator");
                              ^
In file included from hello_world.c:4:0:
c:\rtes\lab2\sw\nios\custominst_bsp\drivers\inc\altera_avalon_performance_counter.h:229:5: note: expected 'void *' but argument is of type 'int'
 int perf_print_formatted_report (void* perf_base, 
     ^
make: *** [obj/default/hello_world.o] Error 1
18:16:28 **** Incremental Build of configuration Nios II for project CustomInst ****
make all 
Info: Building C:/RTES/lab2/sw/nios/CustomInst_bsp/
C:/intelFPGA_lite/18.1/nios2eds/bin/gnu/H-x86_64-mingw32/bin/make --no-print-directory -C C:/RTES/lab2/sw/nios/CustomInst_bsp/
[BSP build complete]
Info: Compiling hello_world.c to obj/default/hello_world.o
nios2-elf-gcc -xc -MP -MMD -c -IC:/RTES/lab2/sw/nios/CustomInst_bsp//HAL/inc -IC:/RTES/lab2/sw/nios/CustomInst_bsp/ -IC:/RTES/lab2/sw/nios/CustomInst_bsp//drivers/inc  -pipe -D__hal__ -DALT_NO_INSTRUCTION_EMULATION -DALT_SINGLE_THREADED    -O0 -g -Wall   -mno-hw-div -mhw-mul -mno-hw-mulx -mgpopt=global  -o obj/default/hello_world.o hello_world.c
In file included from c:\rtes\lab2\sw\nios\custominst_bsp\drivers\inc\altera_avalon_performance_counter.h:197:0,
                 from hello_world.c:4:
hello_world.c: In function 'use_accelerator':
c:\rtes\lab2\sw\nios\custominst_bsp\hal\inc\io.h:61:66: warning: passing argument 2 of '__builtin_stwio' makes integer from pointer without a cast [-Wint-conversion]
   __builtin_stwio (__IO_CALC_ADDRESS_DYNAMIC ((BASE), (OFFSET)), (DATA))
                                                                  ^
hello_world.c:81:2: note: in expansion of macro 'IOWR_32DIRECT'
  IOWR_32DIRECT(ACCELERATOR_0_BASE, ACC_InputStartAddr, in_addr);
  ^
c:\rtes\lab2\sw\nios\custominst_bsp\hal\inc\io.h:61:66: note: expected 'int' but argument is of type 'void *'
   __builtin_stwio (__IO_CALC_ADDRESS_DYNAMIC ((BASE), (OFFSET)), (DATA))
                                                                  ^
hello_world.c:81:2: note: in expansion of macro 'IOWR_32DIRECT'
  IOWR_32DIRECT(ACCELERATOR_0_BASE, ACC_InputStartAddr, in_addr);
  ^
c:\rtes\lab2\sw\nios\custominst_bsp\hal\inc\io.h:61:66: warning: passing argument 2 of '__builtin_stwio' makes integer from pointer without a cast [-Wint-conversion]
   __builtin_stwio (__IO_CALC_ADDRESS_DYNAMIC ((BASE), (OFFSET)), (DATA))
                                                                  ^
hello_world.c:82:2: note: in expansion of macro 'IOWR_32DIRECT'
  IOWR_32DIRECT(ACCELERATOR_0_BASE, ACC_OutputStartAddr, out_addr);
  ^
c:\rtes\lab2\sw\nios\custominst_bsp\hal\inc\io.h:61:66: note: expected 'int' but argument is of type 'void *'
   __builtin_stwio (__IO_CALC_ADDRESS_DYNAMIC ((BASE), (OFFSET)), (DATA))
                                                                  ^
hello_world.c:82:2: note: in expansion of macro 'IOWR_32DIRECT'
  IOWR_32DIRECT(ACCELERATOR_0_BASE, ACC_OutputStartAddr, out_addr);
  ^
hello_world.c: In function 'test_method_once':
hello_world.c:109:19: warning: passing argument 1 of 'use_accelerator' makes pointer from integer without a cast [-Wint-conversion]
   use_accelerator((uint32_t)&input, (uint32_t)&out_1000, 0x1);
                   ^
hello_world.c:68:6: note: expected 'void *' but argument is of type 'long unsigned int'
 void use_accelerator(void* in_addr, void* out_addr, uint32_t length)
      ^
hello_world.c:109:37: warning: passing argument 2 of 'use_accelerator' makes pointer from integer without a cast [-Wint-conversion]
   use_accelerator((uint32_t)&input, (uint32_t)&out_1000, 0x1);
                                     ^
hello_world.c:68:6: note: expected 'void *' but argument is of type 'long unsigned int'
 void use_accelerator(void* in_addr, void* out_addr, uint32_t length)
      ^
hello_world.c: In function 'main':
hello_world.c:134:23: warning: initialization makes pointer from integer without a cast [-Wint-conversion]
  void* in_addr_1000 = (uint32_t)&in_1000[0];
                       ^
hello_world.c:135:24: warning: initialization makes pointer from integer without a cast [-Wint-conversion]
  void* out_addr_1000 = (uint32_t)&out_1000[0];
                        ^
In file included from hello_world.c:6:0:
C:/RTES/lab2/sw/nios/CustomInst_bsp/system.h:275:36: warning: passing argument 1 of 'perf_print_formatted_report' makes pointer from integer without a cast [-Wint-conversion]
 #define PERFORMANCE_COUNTER_0_BASE 0x41000
                                    ^
hello_world.c:156:30: note: in expansion of macro 'PERFORMANCE_COUNTER_0_BASE'
  perf_print_formatted_report(PERFORMANCE_COUNTER_0_BASE, alt_get_cpu_freq(), 3, "C software", "Custom instruction", "Accelerator");
                              ^
In file included from hello_world.c:4:0:
c:\rtes\lab2\sw\nios\custominst_bsp\drivers\inc\altera_avalon_performance_counter.h:229:5: note: expected 'void *' but argument is of type 'int'
 int perf_print_formatted_report (void* perf_base, 
     ^
Info: Linking CustomInst.elf
nios2-elf-g++  -T'C:/RTES/lab2/sw/nios/CustomInst_bsp//linker.x' -msys-crt0='C:/RTES/lab2/sw/nios/CustomInst_bsp//obj/HAL/src/crt0.o' -msys-lib=hal_bsp -LC:/RTES/lab2/sw/nios/CustomInst_bsp/   -Wl,-Map=CustomInst.map   -O0 -g -Wall   -mno-hw-div -mhw-mul -mno-hw-mulx -mgpopt=global  -o CustomInst.elf obj/default/hello_world.o -lm -msys-lib=m
nios2-elf-insert CustomInst.elf --thread_model hal --cpu_name nios2_gen2_0 --qsys true --simulation_enabled false --stderr_dev jtag_uart_0 --stdin_dev jtag_uart_0 --stdout_dev jtag_uart_0 --sopc_system_name soc_system --quartus_project_dir "c:/RTES/lab2/hw/quartus" --jdi C:/RTES/lab2/hw/quartus//output_files/CustomInst.jdi --sopcinfo C:/RTES/lab2/hw/quartus/soc_system.sopcinfo
Info: (CustomInst.elf) 80 KBytes program size (code + initialized data).
Info:                  169 KBytes free for stack + heap.
Info: Creating CustomInst.objdump
nios2-elf-objdump --disassemble --syms --all-header --source CustomInst.elf >CustomInst.objdump
[CustomInst build complete]
18:17:21 **** Incremental Build of configuration Nios II for project CustomInst ****
make all 
Info: Building C:/RTES/lab2/sw/nios/CustomInst_bsp/
C:/intelFPGA_lite/18.1/nios2eds/bin/gnu/H-x86_64-mingw32/bin/make --no-print-directory -C C:/RTES/lab2/sw/nios/CustomInst_bsp/
[BSP build complete]
Info: Compiling hello_world.c to obj/default/hello_world.o
nios2-elf-gcc -xc -MP -MMD -c -IC:/RTES/lab2/sw/nios/CustomInst_bsp//HAL/inc -IC:/RTES/lab2/sw/nios/CustomInst_bsp/ -IC:/RTES/lab2/sw/nios/CustomInst_bsp//drivers/inc  -pipe -D__hal__ -DALT_NO_INSTRUCTION_EMULATION -DALT_SINGLE_THREADED    -O0 -g -Wall   -mno-hw-div -mhw-mul -mno-hw-mulx -mgpopt=global  -o obj/default/hello_world.o hello_world.c
In file included from c:\rtes\lab2\sw\nios\custominst_bsp\drivers\inc\altera_avalon_performance_counter.h:197:0,
                 from hello_world.c:4:
hello_world.c: In function 'use_accelerator':
c:\rtes\lab2\sw\nios\custominst_bsp\hal\inc\io.h:61:66: warning: passing argument 2 of '__builtin_stwio' makes integer from pointer without a cast [-Wint-conversion]
   __builtin_stwio (__IO_CALC_ADDRESS_DYNAMIC ((BASE), (OFFSET)), (DATA))
                                                                  ^
hello_world.c:81:2: note: in expansion of macro 'IOWR_32DIRECT'
  IOWR_32DIRECT(ACCELERATOR_0_BASE, ACC_InputStartAddr, in_addr);
  ^
c:\rtes\lab2\sw\nios\custominst_bsp\hal\inc\io.h:61:66: note: expected 'int' but argument is of type 'uint32_t * {aka long unsigned int *}'
   __builtin_stwio (__IO_CALC_ADDRESS_DYNAMIC ((BASE), (OFFSET)), (DATA))
                                                                  ^
hello_world.c:81:2: note: in expansion of macro 'IOWR_32DIRECT'
  IOWR_32DIRECT(ACCELERATOR_0_BASE, ACC_InputStartAddr, in_addr);
  ^
c:\rtes\lab2\sw\nios\custominst_bsp\hal\inc\io.h:61:66: warning: passing argument 2 of '__builtin_stwio' makes integer from pointer without a cast [-Wint-conversion]
   __builtin_stwio (__IO_CALC_ADDRESS_DYNAMIC ((BASE), (OFFSET)), (DATA))
                                                                  ^
hello_world.c:82:2: note: in expansion of macro 'IOWR_32DIRECT'
  IOWR_32DIRECT(ACCELERATOR_0_BASE, ACC_OutputStartAddr, out_addr);
  ^
c:\rtes\lab2\sw\nios\custominst_bsp\hal\inc\io.h:61:66: note: expected 'int' but argument is of type 'uint32_t * {aka long unsigned int *}'
   __builtin_stwio (__IO_CALC_ADDRESS_DYNAMIC ((BASE), (OFFSET)), (DATA))
                                                                  ^
hello_world.c:82:2: note: in expansion of macro 'IOWR_32DIRECT'
  IOWR_32DIRECT(ACCELERATOR_0_BASE, ACC_OutputStartAddr, out_addr);
  ^
hello_world.c: In function 'test_method_once':
hello_world.c:109:19: warning: passing argument 1 of 'use_accelerator' makes pointer from integer without a cast [-Wint-conversion]
   use_accelerator((uint32_t)&input, (uint32_t)&out_1000, 0x1);
                   ^
hello_world.c:68:6: note: expected 'uint32_t * {aka long unsigned int *}' but argument is of type 'long unsigned int'
 void use_accelerator(uint32_t* in_addr, uint32_t* out_addr, uint32_t length)
      ^
hello_world.c:109:37: warning: passing argument 2 of 'use_accelerator' makes pointer from integer without a cast [-Wint-conversion]
   use_accelerator((uint32_t)&input, (uint32_t)&out_1000, 0x1);
                                     ^
hello_world.c:68:6: note: expected 'uint32_t * {aka long unsigned int *}' but argument is of type 'long unsigned int'
 void use_accelerator(uint32_t* in_addr, uint32_t* out_addr, uint32_t length)
      ^
hello_world.c: In function 'main':
hello_world.c:134:23: warning: initialization makes pointer from integer without a cast [-Wint-conversion]
  void* in_addr_1000 = (uint32_t)&in_1000[0];
                       ^
hello_world.c:135:24: warning: initialization makes pointer from integer without a cast [-Wint-conversion]
  void* out_addr_1000 = (uint32_t)&out_1000[0];
                        ^
In file included from hello_world.c:6:0:
C:/RTES/lab2/sw/nios/CustomInst_bsp/system.h:275:36: warning: passing argument 1 of 'perf_print_formatted_report' makes pointer from integer without a cast [-Wint-conversion]
 #define PERFORMANCE_COUNTER_0_BASE 0x41000
                                    ^
hello_world.c:156:30: note: in expansion of macro 'PERFORMANCE_COUNTER_0_BASE'
  perf_print_formatted_report(PERFORMANCE_COUNTER_0_BASE, alt_get_cpu_freq(), 3, "C software", "Custom instruction", "Accelerator");
                              ^
In file included from hello_world.c:4:0:
c:\rtes\lab2\sw\nios\custominst_bsp\drivers\inc\altera_avalon_performance_counter.h:229:5: note: expected 'void *' but argument is of type 'int'
 int perf_print_formatted_report (void* perf_base, 
     ^
Info: Linking CustomInst.elf
nios2-elf-g++  -T'C:/RTES/lab2/sw/nios/CustomInst_bsp//linker.x' -msys-crt0='C:/RTES/lab2/sw/nios/CustomInst_bsp//obj/HAL/src/crt0.o' -msys-lib=hal_bsp -LC:/RTES/lab2/sw/nios/CustomInst_bsp/   -Wl,-Map=CustomInst.map   -O0 -g -Wall   -mno-hw-div -mhw-mul -mno-hw-mulx -mgpopt=global  -o CustomInst.elf obj/default/hello_world.o -lm -msys-lib=m
nios2-elf-insert CustomInst.elf --thread_model hal --cpu_name nios2_gen2_0 --qsys true --simulation_enabled false --stderr_dev jtag_uart_0 --stdin_dev jtag_uart_0 --stdout_dev jtag_uart_0 --sopc_system_name soc_system --quartus_project_dir "c:/RTES/lab2/hw/quartus" --jdi C:/RTES/lab2/hw/quartus//output_files/CustomInst.jdi --sopcinfo C:/RTES/lab2/hw/quartus/soc_system.sopcinfo
Info: (CustomInst.elf) 80 KBytes program size (code + initialized data).
Info:                  169 KBytes free for stack + heap.
Info: Creating CustomInst.objdump
nios2-elf-objdump --disassemble --syms --all-header --source CustomInst.elf >CustomInst.objdump
[CustomInst build complete]
18:17:56 **** Incremental Build of configuration Nios II for project CustomInst ****
make all 
Info: Building C:/RTES/lab2/sw/nios/CustomInst_bsp/
C:/intelFPGA_lite/18.1/nios2eds/bin/gnu/H-x86_64-mingw32/bin/make --no-print-directory -C C:/RTES/lab2/sw/nios/CustomInst_bsp/
[BSP build complete]
Info: Compiling hello_world.c to obj/default/hello_world.o
nios2-elf-gcc -xc -MP -MMD -c -IC:/RTES/lab2/sw/nios/CustomInst_bsp//HAL/inc -IC:/RTES/lab2/sw/nios/CustomInst_bsp/ -IC:/RTES/lab2/sw/nios/CustomInst_bsp//drivers/inc  -pipe -D__hal__ -DALT_NO_INSTRUCTION_EMULATION -DALT_SINGLE_THREADED    -O0 -g -Wall   -mno-hw-div -mhw-mul -mno-hw-mulx -mgpopt=global  -o obj/default/hello_world.o hello_world.c
hello_world.c: In function 'main':
hello_world.c:134:23: warning: initialization makes pointer from integer without a cast [-Wint-conversion]
  void* in_addr_1000 = (uint32_t)&in_1000[0];
                       ^
hello_world.c:135:24: warning: initialization makes pointer from integer without a cast [-Wint-conversion]
  void* out_addr_1000 = (uint32_t)&out_1000[0];
                        ^
hello_world.c:152:18: warning: passing argument 1 of 'use_accelerator' makes integer from pointer without a cast [-Wint-conversion]
  use_accelerator(in_addr_1000, out_addr_1000, len_1000);
                  ^
hello_world.c:68:6: note: expected 'uint32_t {aka long unsigned int}' but argument is of type 'void *'
 void use_accelerator(uint32_t in_addr, uint32_t out_addr, uint32_t length)
      ^
hello_world.c:152:32: warning: passing argument 2 of 'use_accelerator' makes integer from pointer without a cast [-Wint-conversion]
  use_accelerator(in_addr_1000, out_addr_1000, len_1000);
                                ^
hello_world.c:68:6: note: expected 'uint32_t {aka long unsigned int}' but argument is of type 'void *'
 void use_accelerator(uint32_t in_addr, uint32_t out_addr, uint32_t length)
      ^
In file included from hello_world.c:6:0:
C:/RTES/lab2/sw/nios/CustomInst_bsp/system.h:275:36: warning: passing argument 1 of 'perf_print_formatted_report' makes pointer from integer without a cast [-Wint-conversion]
 #define PERFORMANCE_COUNTER_0_BASE 0x41000
                                    ^
hello_world.c:156:30: note: in expansion of macro 'PERFORMANCE_COUNTER_0_BASE'
  perf_print_formatted_report(PERFORMANCE_COUNTER_0_BASE, alt_get_cpu_freq(), 3, "C software", "Custom instruction", "Accelerator");
                              ^
In file included from hello_world.c:4:0:
c:\rtes\lab2\sw\nios\custominst_bsp\drivers\inc\altera_avalon_performance_counter.h:229:5: note: expected 'void *' but argument is of type 'int'
 int perf_print_formatted_report (void* perf_base, 
     ^
Info: Linking CustomInst.elf
nios2-elf-g++  -T'C:/RTES/lab2/sw/nios/CustomInst_bsp//linker.x' -msys-crt0='C:/RTES/lab2/sw/nios/CustomInst_bsp//obj/HAL/src/crt0.o' -msys-lib=hal_bsp -LC:/RTES/lab2/sw/nios/CustomInst_bsp/   -Wl,-Map=CustomInst.map   -O0 -g -Wall   -mno-hw-div -mhw-mul -mno-hw-mulx -mgpopt=global  -o CustomInst.elf obj/default/hello_world.o -lm -msys-lib=m
nios2-elf-insert CustomInst.elf --thread_model hal --cpu_name nios2_gen2_0 --qsys true --simulation_enabled false --stderr_dev jtag_uart_0 --stdin_dev jtag_uart_0 --stdout_dev jtag_uart_0 --sopc_system_name soc_system --quartus_project_dir "c:/RTES/lab2/hw/quartus" --jdi C:/RTES/lab2/hw/quartus//output_files/CustomInst.jdi --sopcinfo C:/RTES/lab2/hw/quartus/soc_system.sopcinfo
Info: (CustomInst.elf) 80 KBytes program size (code + initialized data).
Info:                  169 KBytes free for stack + heap.
Info: Creating CustomInst.objdump
nios2-elf-objdump --disassemble --syms --all-header --source CustomInst.elf >CustomInst.objdump
[CustomInst build complete]
18:19:56 **** Incremental Build of configuration Nios II for project CustomInst ****
make all 
Info: Building C:/RTES/lab2/sw/nios/CustomInst_bsp/
C:/intelFPGA_lite/18.1/nios2eds/bin/gnu/H-x86_64-mingw32/bin/make --no-print-directory -C C:/RTES/lab2/sw/nios/CustomInst_bsp/
[BSP build complete]
Info: Compiling hello_world.c to obj/default/hello_world.o
nios2-elf-gcc -xc -MP -MMD -c -IC:/RTES/lab2/sw/nios/CustomInst_bsp//HAL/inc -IC:/RTES/lab2/sw/nios/CustomInst_bsp/ -IC:/RTES/lab2/sw/nios/CustomInst_bsp//drivers/inc  -pipe -D__hal__ -DALT_NO_INSTRUCTION_EMULATION -DALT_SINGLE_THREADED    -O0 -g -Wall   -mno-hw-div -mhw-mul -mno-hw-mulx -mgpopt=global  -o obj/default/hello_world.o hello_world.c
hello_world.c: In function 'main':
hello_world.c:147:23: warning: initialization makes pointer from integer without a cast [-Wint-conversion]
  void* in_addr_1000 = (uint32_t)&in_1000[0];
                       ^
hello_world.c:148:24: warning: initialization makes pointer from integer without a cast [-Wint-conversion]
  void* out_addr_1000 = (uint32_t)&out_1000[0];
                        ^
hello_world.c:165:18: warning: passing argument 1 of 'use_accelerator' makes integer from pointer without a cast [-Wint-conversion]
  use_accelerator(in_addr_1000, out_addr_1000, len_1000);
                  ^
hello_world.c:80:6: note: expected 'uint32_t {aka long unsigned int}' but argument is of type 'void *'
 void use_accelerator(uint32_t in_addr, uint32_t out_addr, uint32_t length)
      ^
hello_world.c:165:32: warning: passing argument 2 of 'use_accelerator' makes integer from pointer without a cast [-Wint-conversion]
  use_accelerator(in_addr_1000, out_addr_1000, len_1000);
                                ^
hello_world.c:80:6: note: expected 'uint32_t {aka long unsigned int}' but argument is of type 'void *'
 void use_accelerator(uint32_t in_addr, uint32_t out_addr, uint32_t length)
      ^
In file included from hello_world.c:6:0:
C:/RTES/lab2/sw/nios/CustomInst_bsp/system.h:275:36: warning: passing argument 1 of 'perf_print_formatted_report' makes pointer from integer without a cast [-Wint-conversion]
 #define PERFORMANCE_COUNTER_0_BASE 0x41000
                                    ^
hello_world.c:169:30: note: in expansion of macro 'PERFORMANCE_COUNTER_0_BASE'
  perf_print_formatted_report(PERFORMANCE_COUNTER_0_BASE, alt_get_cpu_freq(), 3, "C software", "Custom instruction", "Accelerator");
                              ^
In file included from hello_world.c:4:0:
c:\rtes\lab2\sw\nios\custominst_bsp\drivers\inc\altera_avalon_performance_counter.h:229:5: note: expected 'void *' but argument is of type 'int'
 int perf_print_formatted_report (void* perf_base, 
     ^
Info: Linking CustomInst.elf
nios2-elf-g++  -T'C:/RTES/lab2/sw/nios/CustomInst_bsp//linker.x' -msys-crt0='C:/RTES/lab2/sw/nios/CustomInst_bsp//obj/HAL/src/crt0.o' -msys-lib=hal_bsp -LC:/RTES/lab2/sw/nios/CustomInst_bsp/   -Wl,-Map=CustomInst.map   -O0 -g -Wall   -mno-hw-div -mhw-mul -mno-hw-mulx -mgpopt=global  -o CustomInst.elf obj/default/hello_world.o -lm -msys-lib=m
nios2-elf-insert CustomInst.elf --thread_model hal --cpu_name nios2_gen2_0 --qsys true --simulation_enabled false --stderr_dev jtag_uart_0 --stdin_dev jtag_uart_0 --stdout_dev jtag_uart_0 --sopc_system_name soc_system --quartus_project_dir "c:/RTES/lab2/hw/quartus" --jdi C:/RTES/lab2/hw/quartus//output_files/CustomInst.jdi --sopcinfo C:/RTES/lab2/hw/quartus/soc_system.sopcinfo
Info: (CustomInst.elf) 80 KBytes program size (code + initialized data).
Info:                  169 KBytes free for stack + heap.
Info: Creating CustomInst.objdump
nios2-elf-objdump --disassemble --syms --all-header --source CustomInst.elf >CustomInst.objdump
[CustomInst build complete]
